TN:
SF:server/config.js
FNF:0
FNH:0
DA:3,3
DA:4,3
DA:5,3
DA:6,3
LF:4
LH:4
BRDA:9,0,0,3
BRDA:9,0,1,3
BRF:2
BRH:2
end_of_record
TN:
SF:server/controller.js
FN:4,(anonymous_0)
FN:8,(anonymous_1)
FNF:2
FNH:2
FNDA:2,(anonymous_0)
FNDA:1,(anonymous_1)
DA:5,2
DA:9,1
LF:2
LH:2
BRF:0
BRH:0
end_of_record
TN:
SF:server/routes.js
FN:12,routes
FN:42,handleError
FN:53,handler
FN:54,(anonymous_3)
FNF:4
FNH:4
FNDA:8,routes
FNDA:2,handleError
FNDA:8,handler
FNDA:2,(anonymous_3)
DA:9,1
DA:10,1
DA:13,8
DA:15,8
DA:16,1
DA:17,1
DA:20,7
DA:21,1
DA:22,1
DA:25,6
DA:26,1
DA:27,1
DA:31,5
DA:32,4
DA:33,2
DA:34,2
DA:35,2
DA:38,1
DA:39,1
DA:43,2
DA:44,1
DA:45,1
DA:46,1
DA:48,1
DA:49,1
DA:50,1
DA:54,8
DA:55,2
LF:28
LH:28
BRDA:15,0,0,1
BRDA:15,0,1,7
BRDA:15,1,0,8
BRDA:15,1,1,7
BRDA:20,2,0,1
BRDA:20,2,1,6
BRDA:20,3,0,7
BRDA:20,3,1,6
BRDA:25,4,0,1
BRDA:25,4,1,5
BRDA:25,5,0,6
BRDA:25,5,1,5
BRDA:31,6,0,4
BRDA:31,6,1,1
BRDA:34,7,0,1
BRDA:34,7,1,1
BRDA:43,8,0,1
BRDA:43,8,1,1
BRF:18
BRH:18
end_of_record
TN:
SF:server/service.js
FN:11,(anonymous_0)
FN:15,(anonymous_1)
FN:27,(anonymous_2)
FNF:3
FNH:3
FNDA:1,(anonymous_0)
FNDA:1,(anonymous_1)
FNDA:1,(anonymous_2)
DA:8,3
DA:12,1
DA:17,1
DA:19,1
DA:20,1
DA:21,1
DA:28,1
DA:29,1
LF:8
LH:8
BRF:0
BRH:0
end_of_record
TN:
SF:server/util.js
FNF:0
FNH:0
DA:3,1
DA:13,1
LF:2
LH:2
BRF:0
BRH:0
end_of_record
TN:
SF:tests/unit/_util/testUtil.js
FN:5,(anonymous_0)
FN:7,(anonymous_1)
FN:15,(anonymous_2)
FN:17,(anonymous_3)
FN:24,(anonymous_4)
FN:28,(anonymous_5)
FNF:6
FNH:3
FNDA:15,(anonymous_0)
FNDA:0,(anonymous_1)
FNDA:8,(anonymous_2)
FNDA:0,(anonymous_3)
FNDA:8,(anonymous_4)
FNDA:0,(anonymous_5)
DA:6,15
DA:8,0
DA:9,0
DA:11,0
DA:16,8
DA:18,0
DA:19,0
DA:25,8
DA:28,8
DA:29,8
DA:41,8
LF:11
LH:6
BRF:0
BRH:0
end_of_record
